GAS LISTING /tmp/ccTjaUlX.s 			page 1


   1              		.file	"abi.cpp"
   2              		.option pic
   3              		.option norelax
   4              		.text
   5              	.Ltext0:
   6              		.align	2
   7              		.globl	_ZN3abi8sys_callEPv
   9              	_ZN3abi8sys_callEPv:
  10              	.LFB40:
  11              		.file 1 "src/abi.cpp"
   1:src/abi.cpp   **** #include "../h/abi.hpp"
   2:src/abi.cpp   **** 
   3:src/abi.cpp   **** void* abi::sys_call(void *param) {
  12              		.loc 1 3 34
  13              		.cfi_startproc
  14              	.LVL0:
  15 0000 130101FF 		addi	sp,sp,-16
  16              		.cfi_def_cfa_offset 16
  17 0004 23348100 		sd	s0,8(sp)
  18              		.cfi_offset 8, -8
  19 0008 13040101 		addi	s0,sp,16
  20              		.cfi_def_cfa 8, 0
   4:src/abi.cpp   ****     __asm__ volatile("ld a1, 8(a0)");
  21              		.loc 1 4 5
  22              		.loc 1 4 37 is_stmt 0
  23              	#APP
  24              	# 4 "src/abi.cpp" 1
   5              	    __asm__ volatile("ld a2, 16(a0)");
  25              		ld a1, 8(a0)
  26              	# 0 "" 2
  27              		.loc 1 5 5 is_stmt 1
  28              		.loc 1 5 38 is_stmt 0
  29              	# 5 "src/abi.cpp" 1
   6              	    __asm__ volatile("ld a3, 24(a0)");
  30              		ld a2, 16(a0)
  31              	# 0 "" 2
  32              		.loc 1 6 5 is_stmt 1
  33              		.loc 1 6 38 is_stmt 0
  34              	# 6 "src/abi.cpp" 1
   7              	    __asm__ volatile("ld a4, 32(a0)");
  35              		ld a3, 24(a0)
  36              	# 0 "" 2
  37              		.loc 1 7 5 is_stmt 1
  38              		.loc 1 7 38 is_stmt 0
  39              	# 7 "src/abi.cpp" 1
   8              	    __asm__ volatile("ld a5, 40(a0)");
  40              		ld a4, 32(a0)
  41              	# 0 "" 2
  42              		.loc 1 8 5 is_stmt 1
  43              		.loc 1 8 38 is_stmt 0
  44              	# 8 "src/abi.cpp" 1
   9              	    __asm__ volatile("ld a6, 48(a0)");
  45              		ld a5, 40(a0)
  46              	# 0 "" 2
  47              		.loc 1 9 5 is_stmt 1
  48              		.loc 1 9 38 is_stmt 0
  49              	# 9 "src/abi.cpp" 1
GAS LISTING /tmp/ccTjaUlX.s 			page 2


  10              	    __asm__ volatile("ld a7, 56(a0)");
  50              		ld a6, 48(a0)
  51              	# 0 "" 2
  52              		.loc 1 10 5 is_stmt 1
  53              		.loc 1 10 38 is_stmt 0
  54              	# 10 "src/abi.cpp" 1
  11              	    __asm__ volatile("ld a0, (a0)");
  55              		ld a7, 56(a0)
  56              	# 0 "" 2
  57              		.loc 1 11 5 is_stmt 1
  58              		.loc 1 11 36 is_stmt 0
  59              	# 11 "src/abi.cpp" 1
  12              	
  13:src/abi.cpp   ****     __asm__ volatile("ecall");
  60              		ld a0, (a0)
  61              	# 0 "" 2
  62              		.loc 1 13 5 is_stmt 1
  63              		.loc 1 13 30 is_stmt 0
  64              	# 13 "src/abi.cpp" 1
  14              	    // u a0 se nalazi povratna vrednost
  15:src/abi.cpp   ****     uint64 ret0;
  65              		ecall
  66              	# 0 "" 2
  67              		.loc 1 15 5 is_stmt 1
  16:src/abi.cpp   ****     __asm__ volatile("mv %[ret], a0" : [ret]"=r"(ret0));
  68              		.loc 1 16 5
  69              		.loc 1 16 56 is_stmt 0
  70              	# 16 "src/abi.cpp" 1
  17              	    return (void*)ret0;
  71              		mv a0, a0
  72              	# 0 "" 2
  73              	.LVL1:
  74              		.loc 1 17 5 is_stmt 1
  18:src/abi.cpp   **** }
  75              		.loc 1 18 1 is_stmt 0
  76              	#NO_APP
  77 0034 03348100 		ld	s0,8(sp)
  78              		.cfi_restore 8
  79              		.cfi_def_cfa 2, 16
  80 0038 13010101 		addi	sp,sp,16
  81              		.cfi_def_cfa_offset 0
  82 003c 67800000 		jr	ra
  83              		.cfi_endproc
  84              	.LFE40:
  86              	.Letext0:
  87              		.file 2 "src/../h/../h/../lib/hw.h"
  88              		.file 3 "src/../h/abi.hpp"
GAS LISTING /tmp/ccTjaUlX.s 			page 3


DEFINED SYMBOLS
                            *ABS*:0000000000000000 abi.cpp
     /tmp/ccTjaUlX.s:9      .text:0000000000000000 _ZN3abi8sys_callEPv
     /tmp/ccTjaUlX.s:13     .text:0000000000000000 .L0 
     /tmp/ccTjaUlX.s:15     .text:0000000000000000 .L0 
     /tmp/ccTjaUlX.s:16     .text:0000000000000004 .L0 
     /tmp/ccTjaUlX.s:18     .text:0000000000000008 .L0 
     /tmp/ccTjaUlX.s:20     .text:000000000000000c .L0 
     /tmp/ccTjaUlX.s:22     .text:000000000000000c .L0 
         src/abi.cpp:4      .text:000000000000000c .L0 
     /tmp/ccTjaUlX.s:28     .text:0000000000000010 .L0 
         src/abi.cpp:5      .text:0000000000000010 .L0 
     /tmp/ccTjaUlX.s:33     .text:0000000000000014 .L0 
         src/abi.cpp:6      .text:0000000000000014 .L0 
     /tmp/ccTjaUlX.s:38     .text:0000000000000018 .L0 
         src/abi.cpp:7      .text:0000000000000018 .L0 
     /tmp/ccTjaUlX.s:43     .text:000000000000001c .L0 
         src/abi.cpp:8      .text:000000000000001c .L0 
     /tmp/ccTjaUlX.s:48     .text:0000000000000020 .L0 
         src/abi.cpp:9      .text:0000000000000020 .L0 
     /tmp/ccTjaUlX.s:53     .text:0000000000000024 .L0 
         src/abi.cpp:10     .text:0000000000000024 .L0 
     /tmp/ccTjaUlX.s:58     .text:0000000000000028 .L0 
         src/abi.cpp:11     .text:0000000000000028 .L0 
     /tmp/ccTjaUlX.s:63     .text:000000000000002c .L0 
         src/abi.cpp:13     .text:000000000000002c .L0 
     /tmp/ccTjaUlX.s:68     .text:0000000000000030 .L0 
     /tmp/ccTjaUlX.s:69     .text:0000000000000030 .L0 
         src/abi.cpp:16     .text:0000000000000030 .L0 
     /tmp/ccTjaUlX.s:75     .text:0000000000000034 .L0 
     /tmp/ccTjaUlX.s:77     .text:0000000000000034 .L0 
     /tmp/ccTjaUlX.s:78     .text:0000000000000038 .L0 
     /tmp/ccTjaUlX.s:79     .text:0000000000000038 .L0 
     /tmp/ccTjaUlX.s:81     .text:000000000000003c .L0 
     /tmp/ccTjaUlX.s:83     .text:0000000000000040 .L0 
     /tmp/ccTjaUlX.s:89     .text:0000000000000040 .L0 
     /tmp/ccTjaUlX.s:270    .debug_abbrev:0000000000000000 .Ldebug_abbrev0
     /tmp/ccTjaUlX.s:562    .debug_str:00000000000000e2 .LASF20
     /tmp/ccTjaUlX.s:576    .debug_str:0000000000000207 .LASF21
     /tmp/ccTjaUlX.s:536    .debug_str:0000000000000007 .LASF22
     /tmp/ccTjaUlX.s:5      .text:0000000000000000 .Ltext0
     /tmp/ccTjaUlX.s:86     .text:0000000000000040 .Letext0
     /tmp/ccTjaUlX.s:532    .debug_line:0000000000000000 .Ldebug_line0
     /tmp/ccTjaUlX.s:582    .debug_str:0000000000000231 .LASF0
     /tmp/ccTjaUlX.s:568    .debug_str:00000000000001c1 .LASF1
     /tmp/ccTjaUlX.s:554    .debug_str:00000000000000a6 .LASF2
     /tmp/ccTjaUlX.s:548    .debug_str:0000000000000088 .LASF4
     /tmp/ccTjaUlX.s:544    .debug_str:0000000000000063 .LASF3
     /tmp/ccTjaUlX.s:534    .debug_str:0000000000000000 .LASF5
     /tmp/ccTjaUlX.s:546    .debug_str:0000000000000075 .LASF6
     /tmp/ccTjaUlX.s:560    .debug_str:00000000000000cf .LASF7
     /tmp/ccTjaUlX.s:580    .debug_str:0000000000000221 .LASF8
     /tmp/ccTjaUlX.s:578    .debug_str:0000000000000213 .LASF9
     /tmp/ccTjaUlX.s:540    .debug_str:0000000000000044 .LASF10
     /tmp/ccTjaUlX.s:550    .debug_str:000000000000008f .LASF11
     /tmp/ccTjaUlX.s:572    .debug_str:00000000000001e4 .LASF12
     /tmp/ccTjaUlX.s:542    .debug_str:0000000000000053 .LASF13
GAS LISTING /tmp/ccTjaUlX.s 			page 4


     /tmp/ccTjaUlX.s:570    .debug_str:00000000000001d4 .LASF14
     /tmp/ccTjaUlX.s:552    .debug_str:000000000000009a .LASF15
     /tmp/ccTjaUlX.s:564    .debug_str:00000000000001a6 .LASF16
     /tmp/ccTjaUlX.s:556    .debug_str:00000000000000b4 .LASF17
     /tmp/ccTjaUlX.s:558    .debug_str:00000000000000ca .LASF18
     /tmp/ccTjaUlX.s:538    .debug_str:000000000000003b .LASF23
     /tmp/ccTjaUlX.s:574    .debug_str:00000000000001f3 .LASF24
     /tmp/ccTjaUlX.s:10     .text:0000000000000000 .LFB40
     /tmp/ccTjaUlX.s:84     .text:0000000000000040 .LFE40
     /tmp/ccTjaUlX.s:584    .debug_str:000000000000023e .LASF25
     /tmp/ccTjaUlX.s:505    .debug_loc:0000000000000000 .LLST0
     /tmp/ccTjaUlX.s:566    .debug_str:00000000000001bc .LASF19
     /tmp/ccTjaUlX.s:14     .text:0000000000000000 .LVL0
     /tmp/ccTjaUlX.s:73     .text:0000000000000034 .LVL1
     /tmp/ccTjaUlX.s:90     .debug_info:0000000000000000 .Ldebug_info0

NO UNDEFINED SYMBOLS
