GAS LISTING /tmp/ccUoPIEh.s 			page 1


   1              		.file	"scheduler.cpp"
   2              		.option pic
   3              		.option norelax
   4              		.text
   5              	.Ltext0:
   6              		.align	2
   7              		.globl	_ZN9Scheduler3getEv
   9              	_ZN9Scheduler3getEv:
  10              	.LFB40:
  11              		.file 1 "src/scheduler.cpp"
   1:src/scheduler.cpp **** #include "../h/scheduler.hpp"
   2:src/scheduler.cpp **** #include "../h/TCB.hpp"
   3:src/scheduler.cpp **** 
   4:src/scheduler.cpp **** TCB* Scheduler::head;
   5:src/scheduler.cpp **** TCB* Scheduler::tail;
   6:src/scheduler.cpp **** 
   7:src/scheduler.cpp **** TCB* Scheduler::get(){
  12              		.loc 1 7 22
  13              		.cfi_startproc
  14              	.LVL0:
  15 0000 130101FF 		addi	sp,sp,-16
  16              		.cfi_def_cfa_offset 16
  17 0004 23348100 		sd	s0,8(sp)
  18              		.cfi_offset 8, -8
  19 0008 13040101 		addi	s0,sp,16
  20              		.cfi_def_cfa 8, 0
  21 000c 6F000002 		j	.L5
  22              	.LVL1:
  23              	.L8:
  24              	.LBB17:
   8:src/scheduler.cpp ****     while(head) {
   9:src/scheduler.cpp ****         if (!head) { return TCB::idle; }
  10:src/scheduler.cpp ****         TCB *tmp = head;
  11:src/scheduler.cpp ****         if (head == tail) head = tail = nullptr;
  25              		.loc 1 11 27 discriminator 1
  26              		.loc 1 11 39 is_stmt 0 discriminator 1
  27 0010 97070000 		lla	a5,.LANCHOR0
  27      93870700 
  28 0018 23B40700 		sd	zero,8(a5)
  29              		.loc 1 11 32 discriminator 1
  30 001c 23B00700 		sd	zero,0(a5)
  31              	.L4:
  12:src/scheduler.cpp ****         else head = head->get_next_scheduler();
  13:src/scheduler.cpp ****         tmp->set_next_scheduler(nullptr);
  32              		.loc 1 13 9 is_stmt 1
  33              	.LVL2:
  34              	.LBB18:
  35              	.LBB19:
  36              		.file 2 "src/../h/TCB.hpp"
   1:src/../h/TCB.hpp **** #ifndef _thread_hpp_
   2:src/../h/TCB.hpp **** #define _thread_hpp_
   3:src/../h/TCB.hpp **** 
   4:src/../h/TCB.hpp **** #include "../lib/hw.h"
   5:src/../h/TCB.hpp **** #include "../h/scheduler.hpp"
   6:src/../h/TCB.hpp **** #include "../h/MemoryAllocator.hpp"
   7:src/../h/TCB.hpp **** #include "../h/TS.hpp"
   8:src/../h/TCB.hpp **** #include "../h/periodic_threads.hpp"
GAS LISTING /tmp/ccUoPIEh.s 			page 2


   9:src/../h/TCB.hpp **** 
  10:src/../h/TCB.hpp **** class TCB{
  11:src/../h/TCB.hpp **** public:
  12:src/../h/TCB.hpp **** 
  13:src/../h/TCB.hpp ****     ~TCB(){
  14:src/../h/TCB.hpp ****         MemoryAllocator::getInstance().memory_free((void*)stack);
  15:src/../h/TCB.hpp ****     }
  16:src/../h/TCB.hpp **** 
  17:src/../h/TCB.hpp ****     using Body = void (*)(void*);
  18:src/../h/TCB.hpp **** 
  19:src/../h/TCB.hpp ****     // trazene
  20:src/../h/TCB.hpp ****     static int thread_create(
  21:src/../h/TCB.hpp ****         TCB** handle,
  22:src/../h/TCB.hpp ****         void(*start_routine)(void*),
  23:src/../h/TCB.hpp ****         void* arg,
  24:src/../h/TCB.hpp ****         void* stack_space,
  25:src/../h/TCB.hpp ****         bool flag
  26:src/../h/TCB.hpp ****     );
  27:src/../h/TCB.hpp **** 
  28:src/../h/TCB.hpp ****     static int thread_exit();
  29:src/../h/TCB.hpp **** 
  30:src/../h/TCB.hpp ****     static void thread_dispatch();
  31:src/../h/TCB.hpp **** 
  32:src/../h/TCB.hpp ****     static int time_sleep(uint64 time);
  33:src/../h/TCB.hpp **** 
  34:src/../h/TCB.hpp ****     // getteri i setteri
  35:src/../h/TCB.hpp ****     void set_finished(bool f){ this->finished = f; }
  36:src/../h/TCB.hpp **** 
  37:src/../h/TCB.hpp ****     bool is_finished()const{return finished;}
  38:src/../h/TCB.hpp **** 
  39:src/../h/TCB.hpp ****     void set_next_scheduler(TCB* nextThread){ next_scheduler = nextThread; }
  37              		.loc 2 39 47
  38              		.loc 2 39 62 is_stmt 0
  39 0020 23380502 		sd	zero,48(a0)
  40              	.LVL3:
  41              	.LBE19:
  42              	.LBE18:
  14:src/scheduler.cpp ****         if(!tmp->is_finished())return tmp;
  43              		.loc 1 14 9 is_stmt 1
  44              	.LBB20:
  45              	.LBB21:
  37:src/../h/TCB.hpp **** 
  46              		.loc 2 37 29
  37:src/../h/TCB.hpp **** 
  47              		.loc 2 37 36 is_stmt 0
  48 0024 83478502 		lbu	a5,40(a0)
  49              	.LVL4:
  50              	.LBE21:
  51              	.LBE20:
  52              		.loc 1 14 9
  53 0028 638C0702 		beqz	a5,.L1
  54              	.LVL5:
  55              	.L5:
  56              	.LBE17:
   8:src/scheduler.cpp ****         if (!head) { return TCB::idle; }
  57              		.loc 1 8 5 is_stmt 1
   8:src/scheduler.cpp ****         if (!head) { return TCB::idle; }
GAS LISTING /tmp/ccUoPIEh.s 			page 3


  58              		.loc 1 8 11
  59 002c 17050000 		ld	a0,.LANCHOR0
  59      03350500 
  60 0034 63000502 		beqz	a0,.L2
  61              	.LBB24:
   9:src/scheduler.cpp ****         TCB *tmp = head;
  62              		.loc 1 9 9
  10:src/scheduler.cpp ****         if (head == tail) head = tail = nullptr;
  63              		.loc 1 10 9
  64              	.LVL6:
  11:src/scheduler.cpp ****         else head = head->get_next_scheduler();
  65              		.loc 1 11 9
  11:src/scheduler.cpp ****         else head = head->get_next_scheduler();
  66              		.loc 1 11 18 is_stmt 0
  67 0038 97070000 		ld	a5,.LANCHOR0+8
  67      83B70700 
  11:src/scheduler.cpp ****         else head = head->get_next_scheduler();
  68              		.loc 1 11 9
  69 0040 E308F5FC 		beq	a0,a5,.L8
  12:src/scheduler.cpp ****         tmp->set_next_scheduler(nullptr);
  70              		.loc 1 12 14 is_stmt 1
  71              	.LVL7:
  72              	.LBB22:
  73              	.LBB23:
  40:src/../h/TCB.hpp **** 
  41:src/../h/TCB.hpp ****     TCB* get_next_scheduler()const{ return next_scheduler; }
  74              		.loc 2 41 37
  75              		.loc 2 41 44 is_stmt 0
  76 0044 83370503 		ld	a5,48(a0)
  77              	.LVL8:
  78              	.LBE23:
  79              	.LBE22:
  12:src/scheduler.cpp ****         tmp->set_next_scheduler(nullptr);
  80              		.loc 1 12 19
  81 0048 17070000 		sd	a5,.LANCHOR0,a4
  81      2330F700 
  82 0050 6FF01FFD 		j	.L4
  83              	.LVL9:
  84              	.L2:
  85              	.LBE24:
  15:src/scheduler.cpp ****     }
  16:src/scheduler.cpp ****     return TCB::idle;
  86              		.loc 1 16 5 is_stmt 1
  87              		.loc 1 16 17 is_stmt 0
  88 0054 97070000 		la	a5,_ZN3TCB4idleE
  88      83B70700 
  89 005c 03B50700 		ld	a0,0(a5)
  90              	.L1:
  17:src/scheduler.cpp **** }
  91              		.loc 1 17 1
  92 0060 03348100 		ld	s0,8(sp)
  93              		.cfi_restore 8
  94              		.cfi_def_cfa 2, 16
  95 0064 13010101 		addi	sp,sp,16
  96              		.cfi_def_cfa_offset 0
  97 0068 67800000 		jr	ra
  98              		.cfi_endproc
GAS LISTING /tmp/ccUoPIEh.s 			page 4


  99              	.LFE40:
 101              		.align	2
 102              		.globl	_ZN9Scheduler3putEP3TCB
 104              	_ZN9Scheduler3putEP3TCB:
 105              	.LFB41:
  18:src/scheduler.cpp **** 
  19:src/scheduler.cpp **** void Scheduler::put(TCB* tcb){
 106              		.loc 1 19 30 is_stmt 1
 107              		.cfi_startproc
 108              	.LVL10:
 109 006c 130101FF 		addi	sp,sp,-16
 110              		.cfi_def_cfa_offset 16
 111 0070 23348100 		sd	s0,8(sp)
 112              		.cfi_offset 8, -8
 113 0074 13040101 		addi	s0,sp,16
 114              		.cfi_def_cfa 8, 0
  20:src/scheduler.cpp ****     if(tcb == TCB::idle)return;
 115              		.loc 1 20 5
 116              		.loc 1 20 12 is_stmt 0
 117 0078 97070000 		la	a5,_ZN3TCB4idleE
 117      83B70700 
 118 0080 83B70700 		ld	a5,0(a5)
 119              		.loc 1 20 5
 120 0084 6384B702 		beq	a5,a1,.L9
  21:src/scheduler.cpp ****     if(tcb->is_finished())return;
 121              		.loc 1 21 5 is_stmt 1
 122              	.LVL11:
 123              	.LBB25:
 124              	.LBB26:
  37:src/../h/TCB.hpp **** 
 125              		.loc 2 37 29
  37:src/../h/TCB.hpp **** 
 126              		.loc 2 37 36 is_stmt 0
 127 0088 83C78502 		lbu	a5,40(a1)
 128              	.LVL12:
 129              	.LBE26:
 130              	.LBE25:
 131              		.loc 1 21 5
 132 008c 63900702 		bnez	a5,.L9
  22:src/scheduler.cpp ****     tcb->set_next_scheduler(nullptr);
 133              		.loc 1 22 5 is_stmt 1
 134              	.LVL13:
 135              	.LBB27:
 136              	.LBB28:
  39:src/../h/TCB.hpp **** 
 137              		.loc 2 39 47
  39:src/../h/TCB.hpp **** 
 138              		.loc 2 39 62 is_stmt 0
 139 0090 23B80502 		sd	zero,48(a1)
 140              	.LVL14:
 141              	.LBE28:
 142              	.LBE27:
  23:src/scheduler.cpp ****     if(tail){
 143              		.loc 1 23 5 is_stmt 1
 144              		.loc 1 23 12 is_stmt 0
 145 0094 97070000 		ld	a5,.LANCHOR0+8
 145      83B70700 
GAS LISTING /tmp/ccUoPIEh.s 			page 5


 146              		.loc 1 23 5
 147 009c 638E0700 		beqz	a5,.L11
  24:src/scheduler.cpp ****         tail->set_next_scheduler(tcb);
 148              		.loc 1 24 9 is_stmt 1
 149              	.LVL15:
 150              	.LBB29:
 151              	.LBB30:
  39:src/../h/TCB.hpp **** 
 152              		.loc 2 39 47
  39:src/../h/TCB.hpp **** 
 153              		.loc 2 39 62 is_stmt 0
 154 00a0 23B8B702 		sd	a1,48(a5)
 155              	.LVL16:
 156              	.LBE30:
 157              	.LBE29:
  25:src/scheduler.cpp ****         tail = tail->get_next_scheduler();
 158              		.loc 1 25 9 is_stmt 1
 159              		.loc 2 41 37
 160              		.loc 1 25 14 is_stmt 0
 161 00a4 97070000 		sd	a1,.LANCHOR0+8,a5
 161      23B0B700 
 162              	.L9:
  26:src/scheduler.cpp ****     }
  27:src/scheduler.cpp ****     else head = tail = tcb;
  28:src/scheduler.cpp **** }
 163              		.loc 1 28 1
 164 00ac 03348100 		ld	s0,8(sp)
 165              		.cfi_remember_state
 166              		.cfi_restore 8
 167              		.cfi_def_cfa 2, 16
 168 00b0 13010101 		addi	sp,sp,16
 169              		.cfi_def_cfa_offset 0
 170 00b4 67800000 		jr	ra
 171              	.L11:
 172              		.cfi_restore_state
  27:src/scheduler.cpp **** }
 173              		.loc 1 27 10 is_stmt 1
  27:src/scheduler.cpp **** }
 174              		.loc 1 27 22 is_stmt 0
 175 00b8 97070000 		lla	a5,.LANCHOR0
 175      93870700 
 176 00c0 23B4B700 		sd	a1,8(a5)
  27:src/scheduler.cpp **** }
 177              		.loc 1 27 15
 178 00c4 23B0B700 		sd	a1,0(a5)
 179 00c8 6FF05FFE 		j	.L9
 180              		.cfi_endproc
 181              	.LFE41:
 183              		.globl	_ZN9Scheduler4tailE
 184              		.globl	_ZN9Scheduler4headE
 185              		.bss
 186              		.align	3
 187              		.set	.LANCHOR0,. + 0
 190              	_ZN9Scheduler4headE:
 191 0000 00000000 		.zero	8
 191      00000000 
 194              	_ZN9Scheduler4tailE:
GAS LISTING /tmp/ccUoPIEh.s 			page 6


 195 0008 00000000 		.zero	8
 195      00000000 
 196              		.text
 197              	.Letext0:
 198              		.file 3 "src/../h/scheduler.hpp"
 199              		.file 4 "src/../h/../lib/hw.h"
GAS LISTING /tmp/ccUoPIEh.s 			page 7


DEFINED SYMBOLS
                            *ABS*:0000000000000000 scheduler.cpp
     /tmp/ccUoPIEh.s:9      .text:0000000000000000 _ZN9Scheduler3getEv
     /tmp/ccUoPIEh.s:13     .text:0000000000000000 .L0 
     /tmp/ccUoPIEh.s:15     .text:0000000000000000 .L0 
     /tmp/ccUoPIEh.s:16     .text:0000000000000004 .L0 
     /tmp/ccUoPIEh.s:18     .text:0000000000000008 .L0 
     /tmp/ccUoPIEh.s:20     .text:000000000000000c .L0 
     /tmp/ccUoPIEh.s:26     .text:0000000000000010 .L0 
     /tmp/ccUoPIEh.s:27     .text:0000000000000010 .L0 
     /tmp/ccUoPIEh.s:30     .text:000000000000001c .L0 
     /tmp/ccUoPIEh.s:37     .text:0000000000000020 .L0 
     /tmp/ccUoPIEh.s:38     .text:0000000000000020 .L0 
     /tmp/ccUoPIEh.s:39     .text:0000000000000020 .L0 
     /tmp/ccUoPIEh.s:46     .text:0000000000000024 .L0 
     /tmp/ccUoPIEh.s:47     .text:0000000000000024 .L0 
     /tmp/ccUoPIEh.s:48     .text:0000000000000024 .L0 
     /tmp/ccUoPIEh.s:53     .text:0000000000000028 .L0 
     /tmp/ccUoPIEh.s:58     .text:000000000000002c .L0 
     /tmp/ccUoPIEh.s:59     .text:000000000000002c .L0 
     /tmp/ccUoPIEh.s:63     .text:0000000000000038 .L0 
     /tmp/ccUoPIEh.s:65     .text:0000000000000038 .L0 
     /tmp/ccUoPIEh.s:66     .text:0000000000000038 .L0 
     /tmp/ccUoPIEh.s:67     .text:0000000000000038 .L0 
     /tmp/ccUoPIEh.s:69     .text:0000000000000040 .L0 
     /tmp/ccUoPIEh.s:74     .text:0000000000000044 .L0 
     /tmp/ccUoPIEh.s:75     .text:0000000000000044 .L0 
     /tmp/ccUoPIEh.s:76     .text:0000000000000044 .L0 
     /tmp/ccUoPIEh.s:81     .text:0000000000000048 .L0 
     /tmp/ccUoPIEh.s:87     .text:0000000000000054 .L0 
     /tmp/ccUoPIEh.s:88     .text:0000000000000054 .L0 
     /tmp/ccUoPIEh.s:92     .text:0000000000000060 .L0 
     /tmp/ccUoPIEh.s:93     .text:0000000000000064 .L0 
     /tmp/ccUoPIEh.s:94     .text:0000000000000064 .L0 
     /tmp/ccUoPIEh.s:96     .text:0000000000000068 .L0 
     /tmp/ccUoPIEh.s:98     .text:000000000000006c .L0 
     /tmp/ccUoPIEh.s:104    .text:000000000000006c _ZN9Scheduler3putEP3TCB
     /tmp/ccUoPIEh.s:107    .text:000000000000006c .L0 
     /tmp/ccUoPIEh.s:109    .text:000000000000006c .L0 
     /tmp/ccUoPIEh.s:110    .text:0000000000000070 .L0 
     /tmp/ccUoPIEh.s:112    .text:0000000000000074 .L0 
     /tmp/ccUoPIEh.s:114    .text:0000000000000078 .L0 
     /tmp/ccUoPIEh.s:116    .text:0000000000000078 .L0 
     /tmp/ccUoPIEh.s:117    .text:0000000000000078 .L0 
     /tmp/ccUoPIEh.s:120    .text:0000000000000084 .L0 
     /tmp/ccUoPIEh.s:125    .text:0000000000000088 .L0 
     /tmp/ccUoPIEh.s:126    .text:0000000000000088 .L0 
     /tmp/ccUoPIEh.s:127    .text:0000000000000088 .L0 
     /tmp/ccUoPIEh.s:132    .text:000000000000008c .L0 
     /tmp/ccUoPIEh.s:137    .text:0000000000000090 .L0 
     /tmp/ccUoPIEh.s:138    .text:0000000000000090 .L0 
     /tmp/ccUoPIEh.s:139    .text:0000000000000090 .L0 
     /tmp/ccUoPIEh.s:144    .text:0000000000000094 .L0 
     /tmp/ccUoPIEh.s:145    .text:0000000000000094 .L0 
     /tmp/ccUoPIEh.s:147    .text:000000000000009c .L0 
     /tmp/ccUoPIEh.s:152    .text:00000000000000a0 .L0 
     /tmp/ccUoPIEh.s:153    .text:00000000000000a0 .L0 
GAS LISTING /tmp/ccUoPIEh.s 			page 8


     /tmp/ccUoPIEh.s:154    .text:00000000000000a0 .L0 
     /tmp/ccUoPIEh.s:159    .text:00000000000000a4 .L0 
     /tmp/ccUoPIEh.s:160    .text:00000000000000a4 .L0 
     /tmp/ccUoPIEh.s:161    .text:00000000000000a4 .L0 
     /tmp/ccUoPIEh.s:164    .text:00000000000000ac .L0 
     /tmp/ccUoPIEh.s:165    .text:00000000000000b0 .L0 
     /tmp/ccUoPIEh.s:166    .text:00000000000000b0 .L0 
     /tmp/ccUoPIEh.s:167    .text:00000000000000b0 .L0 
     /tmp/ccUoPIEh.s:169    .text:00000000000000b4 .L0 
     /tmp/ccUoPIEh.s:172    .text:00000000000000b8 .L0 
     /tmp/ccUoPIEh.s:174    .text:00000000000000b8 .L0 
     /tmp/ccUoPIEh.s:175    .text:00000000000000b8 .L0 
     /tmp/ccUoPIEh.s:178    .text:00000000000000c4 .L0 
     /tmp/ccUoPIEh.s:180    .text:00000000000000cc .L0 
     /tmp/ccUoPIEh.s:194    .bss:0000000000000008 _ZN9Scheduler4tailE
     /tmp/ccUoPIEh.s:190    .bss:0000000000000000 _ZN9Scheduler4headE
     /tmp/ccUoPIEh.s:187    .bss:0000000000000000 .LANCHOR0
     /tmp/ccUoPIEh.s:200    .text:00000000000000cc .L0 
     /tmp/ccUoPIEh.s:27     .text:0000000000000010 .L0 
     /tmp/ccUoPIEh.s:59     .text:000000000000002c .L0 
     /tmp/ccUoPIEh.s:67     .text:0000000000000038 .L0 
     /tmp/ccUoPIEh.s:81     .text:0000000000000048 .L0 
     /tmp/ccUoPIEh.s:88     .text:0000000000000054 .L0 
     /tmp/ccUoPIEh.s:117    .text:0000000000000078 .L0 
     /tmp/ccUoPIEh.s:145    .text:0000000000000094 .L0 
     /tmp/ccUoPIEh.s:161    .text:00000000000000a4 .L0 
     /tmp/ccUoPIEh.s:175    .text:00000000000000b8 .L0 
     /tmp/ccUoPIEh.s:55     .text:000000000000002c .L5
     /tmp/ccUoPIEh.s:90     .text:0000000000000060 .L1
     /tmp/ccUoPIEh.s:84     .text:0000000000000054 .L2
     /tmp/ccUoPIEh.s:23     .text:0000000000000010 .L8
     /tmp/ccUoPIEh.s:31     .text:0000000000000020 .L4
     /tmp/ccUoPIEh.s:162    .text:00000000000000ac .L9
     /tmp/ccUoPIEh.s:171    .text:00000000000000b8 .L11
     /tmp/ccUoPIEh.s:1191   .debug_abbrev:0000000000000000 .Ldebug_abbrev0
     /tmp/ccUoPIEh.s:2193   .debug_str:000000000000014f .LASF99
     /tmp/ccUoPIEh.s:2365   .debug_str:00000000000007a7 .LASF100
     /tmp/ccUoPIEh.s:2229   .debug_str:000000000000033b .LASF101
     /tmp/ccUoPIEh.s:5      .text:0000000000000000 .Ltext0
     /tmp/ccUoPIEh.s:197    .text:00000000000000cc .Letext0
     /tmp/ccUoPIEh.s:2151   .debug_line:0000000000000000 .Ldebug_line0
     /tmp/ccUoPIEh.s:2297   .debug_str:000000000000057a .LASF0
     /tmp/ccUoPIEh.s:2343   .debug_str:00000000000006e9 .LASF10
     /tmp/ccUoPIEh.s:2295   .debug_str:000000000000055d .LASF12
     /tmp/ccUoPIEh.s:2347   .debug_str:0000000000000704 .LASF2
     /tmp/ccUoPIEh.s:2269   .debug_str:0000000000000495 .LASF1
     /tmp/ccUoPIEh.s:2357   .debug_str:0000000000000768 .LASF3
     /tmp/ccUoPIEh.s:2261   .debug_str:0000000000000452 .LASF102
     /tmp/ccUoPIEh.s:2185   .debug_str:0000000000000108 .LASF103
     /tmp/ccUoPIEh.s:2257   .debug_str:0000000000000425 .LASF55
     /tmp/ccUoPIEh.s:2207   .debug_str:00000000000002a4 .LASF4
     /tmp/ccUoPIEh.s:2263   .debug_str:0000000000000466 .LASF5
     /tmp/ccUoPIEh.s:2161   .debug_str:000000000000003b .LASF104
     /tmp/ccUoPIEh.s:2213   .debug_str:00000000000002e0 .LASF6
     /tmp/ccUoPIEh.s:2309   .debug_str:00000000000005d0 .LASF8
     /tmp/ccUoPIEh.s:2203   .debug_str:0000000000000286 .LASF7
     /tmp/ccUoPIEh.s:2181   .debug_str:00000000000000d2 .LASF9
GAS LISTING /tmp/ccUoPIEh.s 			page 9


     /tmp/ccUoPIEh.s:2163   .debug_str:0000000000000043 .LASF11
     /tmp/ccUoPIEh.s:2199   .debug_str:0000000000000252 .LASF13
     /tmp/ccUoPIEh.s:2191   .debug_str:000000000000013f .LASF46
     /tmp/ccUoPIEh.s:2259   .debug_str:0000000000000437 .LASF48
     /tmp/ccUoPIEh.s:2321   .debug_str:0000000000000635 .LASF14
     /tmp/ccUoPIEh.s:2179   .debug_str:00000000000000bc .LASF15
     /tmp/ccUoPIEh.s:2303   .debug_str:00000000000005ad .LASF16
     /tmp/ccUoPIEh.s:2329   .debug_str:0000000000000677 .LASF17
     /tmp/ccUoPIEh.s:2341   .debug_str:00000000000006dd .LASF18
     /tmp/ccUoPIEh.s:2361   .debug_str:0000000000000782 .LASF19
     /tmp/ccUoPIEh.s:2339   .debug_str:00000000000006ca .LASF20
     /tmp/ccUoPIEh.s:2355   .debug_str:0000000000000748 .LASF21
     /tmp/ccUoPIEh.s:2247   .debug_str:00000000000003ca .LASF22
     /tmp/ccUoPIEh.s:2175   .debug_str:0000000000000094 .LASF23
     /tmp/ccUoPIEh.s:2253   .debug_str:0000000000000408 .LASF24
     /tmp/ccUoPIEh.s:2299   .debug_str:0000000000000584 .LASF25
     /tmp/ccUoPIEh.s:2311   .debug_str:00000000000005dc .LASF26
     /tmp/ccUoPIEh.s:2167   .debug_str:000000000000005e .LASF27
     /tmp/ccUoPIEh.s:2307   .debug_str:00000000000005bf .LASF28
     /tmp/ccUoPIEh.s:2317   .debug_str:0000000000000607 .LASF29
     /tmp/ccUoPIEh.s:2287   .debug_str:000000000000050b .LASF30
     /tmp/ccUoPIEh.s:2211   .debug_str:00000000000002c3 .LASF31
     /tmp/ccUoPIEh.s:2371   .debug_str:00000000000007ef .LASF32
     /tmp/ccUoPIEh.s:2209   .debug_str:00000000000002a9 .LASF33
     /tmp/ccUoPIEh.s:2345   .debug_str:00000000000006f5 .LASF34
     /tmp/ccUoPIEh.s:2251   .debug_str:00000000000003ed .LASF35
     /tmp/ccUoPIEh.s:2169   .debug_str:0000000000000079 .LASF36
     /tmp/ccUoPIEh.s:2267   .debug_str:000000000000047b .LASF37
     /tmp/ccUoPIEh.s:2335   .debug_str:00000000000006af .LASF38
     /tmp/ccUoPIEh.s:2289   .debug_str:000000000000051c .LASF39
     /tmp/ccUoPIEh.s:2331   .debug_str:000000000000068f .LASF40
     /tmp/ccUoPIEh.s:2349   .debug_str:0000000000000719 .LASF41
     /tmp/ccUoPIEh.s:2225   .debug_str:000000000000031d .LASF42
     /tmp/ccUoPIEh.s:2201   .debug_str:0000000000000269 .LASF43
     /tmp/ccUoPIEh.s:2219   .debug_str:00000000000002f8 .LASF44
     /tmp/ccUoPIEh.s:2275   .debug_str:00000000000004b7 .LASF45
     /tmp/ccUoPIEh.s:2159   .debug_str:0000000000000035 .LASF47
     /tmp/ccUoPIEh.s:2265   .debug_str:000000000000046b .LASF49
     /tmp/ccUoPIEh.s:2363   .debug_str:000000000000079a .LASF50
     /tmp/ccUoPIEh.s:2337   .debug_str:00000000000006be .LASF51
     /tmp/ccUoPIEh.s:2223   .debug_str:000000000000030d .LASF52
     /tmp/ccUoPIEh.s:2231   .debug_str:000000000000036f .LASF53
     /tmp/ccUoPIEh.s:2319   .debug_str:0000000000000625 .LASF54
     /tmp/ccUoPIEh.s:2301   .debug_str:00000000000005a0 .LASF56
     /tmp/ccUoPIEh.s:2333   .debug_str:000000000000069c .LASF57
     /tmp/ccUoPIEh.s:2183   .debug_str:00000000000000fb .LASF58
     /tmp/ccUoPIEh.s:2217   .debug_str:00000000000002f0 .LASF59
     /tmp/ccUoPIEh.s:2271   .debug_str:000000000000049f .LASF60
     /tmp/ccUoPIEh.s:2285   .debug_str:00000000000004f3 .LASF105
     /tmp/ccUoPIEh.s:2173   .debug_str:000000000000008f .LASF106
     /tmp/ccUoPIEh.s:2197   .debug_str:0000000000000248 .LASF61
     /tmp/ccUoPIEh.s:2369   .debug_str:00000000000007cf .LASF62
     /tmp/ccUoPIEh.s:2313   .debug_str:00000000000005eb .LASF107
     /tmp/ccUoPIEh.s:2195   .debug_str:000000000000021f .LASF108
     /tmp/ccUoPIEh.s:2165   .debug_str:000000000000004f .LASF109
     /tmp/ccUoPIEh.s:2155   .debug_str:000000000000000b .LASF110
     /tmp/ccUoPIEh.s:2189   .debug_str:000000000000012c .LASF63
GAS LISTING /tmp/ccUoPIEh.s 			page 10


     /tmp/ccUoPIEh.s:2241   .debug_str:00000000000003ae .LASF64
     /tmp/ccUoPIEh.s:2281   .debug_str:00000000000004e4 .LASF65
     /tmp/ccUoPIEh.s:2279   .debug_str:00000000000004de .LASF66
     /tmp/ccUoPIEh.s:2243   .debug_str:00000000000003b3 .LASF67
     /tmp/ccUoPIEh.s:2239   .debug_str:00000000000003a5 .LASF68
     /tmp/ccUoPIEh.s:2327   .debug_str:0000000000000668 .LASF69
     /tmp/ccUoPIEh.s:2153   .debug_str:0000000000000000 .LASF70
     /tmp/ccUoPIEh.s:2373   .debug_str:00000000000007fd .LASF71
     /tmp/ccUoPIEh.s:2283   .debug_str:00000000000004ed .LASF72
     /tmp/ccUoPIEh.s:2277   .debug_str:00000000000004d3 .LASF73
     /tmp/ccUoPIEh.s:2359   .debug_str:000000000000077d .LASF74
     /tmp/ccUoPIEh.s:2177   .debug_str:00000000000000b3 .LASF75
     /tmp/ccUoPIEh.s:2351   .debug_str:0000000000000731 .LASF76
     /tmp/ccUoPIEh.s:2315   .debug_str:00000000000005fa .LASF77
     /tmp/ccUoPIEh.s:2291   .debug_str:0000000000000537 .LASF78
     /tmp/ccUoPIEh.s:2255   .debug_str:0000000000000417 .LASF79
     /tmp/ccUoPIEh.s:2237   .debug_str:000000000000039e .LASF81
     /tmp/ccUoPIEh.s:2325   .debug_str:0000000000000656 .LASF80
     /tmp/ccUoPIEh.s:2171   .debug_str:0000000000000088 .LASF82
     /tmp/ccUoPIEh.s:2293   .debug_str:000000000000054a .LASF83
     /tmp/ccUoPIEh.s:2273   .debug_str:00000000000004a4 .LASF84
     /tmp/ccUoPIEh.s:2205   .debug_str:0000000000000294 .LASF85
     /tmp/ccUoPIEh.s:2227   .debug_str:000000000000032d .LASF86
     /tmp/ccUoPIEh.s:2235   .debug_str:000000000000038f .LASF87
     /tmp/ccUoPIEh.s:2353   .debug_str:000000000000073d .LASF88
     /tmp/ccUoPIEh.s:2245   .debug_str:00000000000003bb .LASF89
     /tmp/ccUoPIEh.s:2249   .debug_str:00000000000003dd .LASF90
     /tmp/ccUoPIEh.s:2157   .debug_str:0000000000000025 .LASF91
     /tmp/ccUoPIEh.s:2187   .debug_str:0000000000000120 .LASF92
     /tmp/ccUoPIEh.s:2323   .debug_str:0000000000000640 .LASF93
     /tmp/ccUoPIEh.s:2367   .debug_str:00000000000007b9 .LASF94
     /tmp/ccUoPIEh.s:2221   .debug_str:0000000000000308 .LASF95
     /tmp/ccUoPIEh.s:2233   .debug_str:000000000000037b .LASF96
     /tmp/ccUoPIEh.s:2375   .debug_str:000000000000080a .LASF97
     /tmp/ccUoPIEh.s:105    .text:000000000000006c .LFB41
     /tmp/ccUoPIEh.s:181    .text:00000000000000cc .LFE41
     /tmp/ccUoPIEh.s:2305   .debug_str:00000000000005ba .LASF98
     /tmp/ccUoPIEh.s:123    .text:0000000000000088 .LBB25
     /tmp/ccUoPIEh.s:130    .text:000000000000008c .LBE25
     /tmp/ccUoPIEh.s:2040   .debug_loc:0000000000000000 .LLST6
     /tmp/ccUoPIEh.s:135    .text:0000000000000090 .LBB27
     /tmp/ccUoPIEh.s:142    .text:0000000000000094 .LBE27
     /tmp/ccUoPIEh.s:2047   .debug_loc:0000000000000023 .LLST7
     /tmp/ccUoPIEh.s:2055   .debug_loc:0000000000000047 .LLST8
     /tmp/ccUoPIEh.s:150    .text:00000000000000a0 .LBB29
     /tmp/ccUoPIEh.s:157    .text:00000000000000a4 .LBE29
     /tmp/ccUoPIEh.s:2062   .debug_loc:000000000000006a .LLST9
     /tmp/ccUoPIEh.s:2069   .debug_loc:000000000000008d .LLST10
     /tmp/ccUoPIEh.s:10     .text:0000000000000000 .LFB40
     /tmp/ccUoPIEh.s:99     .text:000000000000006c .LFE40
     /tmp/ccUoPIEh.s:2076   .debug_loc:00000000000000b0 .LLST0
     /tmp/ccUoPIEh.s:2143   .debug_ranges:0000000000000000 .Ldebug_ranges0
     /tmp/ccUoPIEh.s:2090   .debug_loc:00000000000000e9 .LLST1
     /tmp/ccUoPIEh.s:34     .text:0000000000000020 .LBB18
     /tmp/ccUoPIEh.s:42     .text:0000000000000024 .LBE18
     /tmp/ccUoPIEh.s:2101   .debug_loc:000000000000011f .LLST2
     /tmp/ccUoPIEh.s:2109   .debug_loc:0000000000000143 .LLST3
GAS LISTING /tmp/ccUoPIEh.s 			page 11


     /tmp/ccUoPIEh.s:44     .text:0000000000000024 .LBB20
     /tmp/ccUoPIEh.s:51     .text:0000000000000028 .LBE20
     /tmp/ccUoPIEh.s:2116   .debug_loc:0000000000000166 .LLST4
     /tmp/ccUoPIEh.s:72     .text:0000000000000044 .LBB22
     /tmp/ccUoPIEh.s:79     .text:0000000000000048 .LBE22
     /tmp/ccUoPIEh.s:2123   .debug_loc:0000000000000189 .LLST5
     /tmp/ccUoPIEh.s:2215   .debug_str:00000000000002e5 .LASF111
     /tmp/ccUoPIEh.s:122    .text:0000000000000088 .LVL11
     /tmp/ccUoPIEh.s:128    .text:000000000000008c .LVL12
     /tmp/ccUoPIEh.s:134    .text:0000000000000090 .LVL13
     /tmp/ccUoPIEh.s:140    .text:0000000000000094 .LVL14
     /tmp/ccUoPIEh.s:149    .text:00000000000000a0 .LVL15
     /tmp/ccUoPIEh.s:155    .text:00000000000000a4 .LVL16
     /tmp/ccUoPIEh.s:14     .text:0000000000000000 .LVL0
     /tmp/ccUoPIEh.s:22     .text:0000000000000010 .LVL1
     /tmp/ccUoPIEh.s:54     .text:000000000000002c .LVL5
     /tmp/ccUoPIEh.s:64     .text:0000000000000038 .LVL6
     /tmp/ccUoPIEh.s:83     .text:0000000000000054 .LVL9
     /tmp/ccUoPIEh.s:33     .text:0000000000000020 .LVL2
     /tmp/ccUoPIEh.s:40     .text:0000000000000024 .LVL3
     /tmp/ccUoPIEh.s:49     .text:0000000000000028 .LVL4
     /tmp/ccUoPIEh.s:71     .text:0000000000000044 .LVL7
     /tmp/ccUoPIEh.s:77     .text:0000000000000048 .LVL8
     /tmp/ccUoPIEh.s:201    .debug_info:0000000000000000 .Ldebug_info0
     /tmp/ccUoPIEh.s:24     .text:0000000000000010 .LBB17
     /tmp/ccUoPIEh.s:56     .text:000000000000002c .LBE17
     /tmp/ccUoPIEh.s:61     .text:0000000000000038 .LBB24
     /tmp/ccUoPIEh.s:85     .text:0000000000000054 .LBE24

UNDEFINED SYMBOLS
_ZN3TCB4idleE
